<?xml version="1.0" encoding="UTF-8"?>
<coverage generated="1744192913">
  <project timestamp="1744192913">
    <package name="App\Tests">
      <file name="C:\Users\coren\OneDrive\Documents\document de cours\Anne 2 licence\qualiter de code\td7\tests\MesDatesTest.php">
        <class name="App\Tests\MesDatesTest" namespace="App\Tests">
          <metrics complexity="2" methods="2" coveredmethods="2" conditionals="0" coveredconditionals="0" statements="11" coveredstatements="11" elements="13" coveredelements="13"/>
        </class>
        <line num="10" type="method" name="testDateDemainRetourneJsonEtDateCorrecte" visibility="public" complexity="1" crap="1" count="1"/>
        <line num="12" type="stmt" count="1"/>
        <line num="14" type="stmt" count="1"/>
        <line num="16" type="stmt" count="1"/>
        <line num="18" type="stmt" count="1"/>
        <line num="20" type="stmt" count="1"/>
        <line num="21" type="stmt" count="1"/>
        <line num="23" type="stmt" count="1"/>
        <line num="25" type="stmt" count="1"/>
        <line num="28" type="method" name="testGetDateRetourneLaDateInitialisee" visibility="public" complexity="1" crap="1" count="1"/>
        <line num="30" type="stmt" count="1"/>
        <line num="31" type="stmt" count="1"/>
        <line num="32" type="stmt" count="1"/>
        <metrics loc="34" ncloc="33" classes="1" methods="2" coveredmethods="2" conditionals="0" coveredconditionals="0" statements="11" coveredstatements="11" elements="13" coveredelements="13"/>
      </file>
    </package>
    <metrics files="1" loc="34" ncloc="33" classes="1" methods="2" coveredmethods="2" conditionals="0" coveredconditionals="0" statements="11" coveredstatements="11" elements="13" coveredelements="13"/>
  </project>
</coverage>
